[35m[1mScanning dependencies of target _ground_projection_generate_messages_check_deps_GetImageCoord[0m
[  0%] Built target _ground_projection_generate_messages_check_deps_GetImageCoord
[35m[1mScanning dependencies of target geometry_msgs_generate_messages_cpp[0m
[  0%] Built target geometry_msgs_generate_messages_cpp
[35m[1mScanning dependencies of target duckietown_msgs_generate_messages_cpp[0m
[  0%] Built target duckietown_msgs_generate_messages_cpp
[35m[1mScanning dependencies of target std_msgs_generate_messages_cpp[0m
[  0%] Built target std_msgs_generate_messages_cpp
[35m[1mScanning dependencies of target sensor_msgs_generate_messages_cpp[0m
[  0%] Built target sensor_msgs_generate_messages_cpp
[35m[1mScanning dependencies of target _ground_projection_generate_messages_check_deps_GetGroundCoord[0m
[  0%] Built target _ground_projection_generate_messages_check_deps_GetGroundCoord
[35m[1mScanning dependencies of target _ground_projection_generate_messages_check_deps_EstimateHomography[0m
[  0%] Built target _ground_projection_generate_messages_check_deps_EstimateHomography
[35m[1mScanning dependencies of target geometry_msgs_generate_messages_py[0m
[  0%] Built target geometry_msgs_generate_messages_py
[35m[1mScanning dependencies of target std_msgs_generate_messages_py[0m
[  0%] Built target std_msgs_generate_messages_py
[35m[1mScanning dependencies of target duckietown_msgs_generate_messages_py[0m
[  0%] Built target duckietown_msgs_generate_messages_py
[35m[1mScanning dependencies of target sensor_msgs_generate_messages_py[0m
[  0%] Built target sensor_msgs_generate_messages_py
[35m[1mScanning dependencies of target ground_projection_generate_messages_cpp[0m
[ 14%] [34m[1mGenerating C++ code from ground_projection/EstimateHomography.srv[0m
[ 28%] [34m[1mGenerating C++ code from ground_projection/GetGroundCoord.srv[0m
[35m[1mScanning dependencies of target ground_projection_generate_messages_py[0m
[ 42%] [34m[1mGenerating C++ code from ground_projection/GetImageCoord.srv[0m
[ 57%] [34m[1mGenerating Python code from SRV ground_projection/EstimateHomography[0m
[ 71%] [34m[1mGenerating Python code from SRV ground_projection/GetGroundCoord[0m
[ 85%] [34m[1mGenerating Python code from SRV ground_projection/GetImageCoord[0m
[100%] [34m[1mGenerating Python srv __init__.py for ground_projection[0m
[100%] Built target ground_projection_generate_messages_cpp
[100%] Built target ground_projection_generate_messages_py
[35m[1mScanning dependencies of target ground_projection_generate_messages[0m
[100%] Built target ground_projection_generate_messages
