Linked: (/home/duck5/duckietown/catkin_ws/devel/.private/apriltag_ros/share/apriltag_ros/cmake/apriltag_ros-msg-paths.cmake, /home/duck5/duckietown/catkin_ws/devel/share/apriltag_ros/cmake/apriltag_ros-msg-paths.cmake)
Linked: (/home/duck5/duckietown/catkin_ws/devel/.private/apriltag_ros/share/apriltag_ros/cmake/apriltag_ros-msg-extras.cmake, /home/duck5/duckietown/catkin_ws/devel/share/apriltag_ros/cmake/apriltag_ros-msg-extras.cmake)
Linked: (/home/duck5/duckietown/catkin_ws/devel/.private/apriltag_ros/share/apriltag_ros/cmake/apriltag_rosConfig.cmake, /home/duck5/duckietown/catkin_ws/devel/share/apriltag_ros/cmake/apriltag_rosConfig.cmake)
Linked: (/home/duck5/duckietown/catkin_ws/devel/.private/apriltag_ros/share/apriltag_ros/cmake/apriltag_rosConfig-version.cmake, /home/duck5/duckietown/catkin_ws/devel/share/apriltag_ros/cmake/apriltag_rosConfig-version.cmake)
Linked: (/home/duck5/duckietown/catkin_ws/devel/.private/apriltag_ros/lib/libapriltag_ros_continuous_detector.so, /home/duck5/duckietown/catkin_ws/devel/lib/libapriltag_ros_continuous_detector.so)
Linked: (/home/duck5/duckietown/catkin_ws/devel/.private/apriltag_ros/lib/libapriltag_ros_single_image_detector.so, /home/duck5/duckietown/catkin_ws/devel/lib/libapriltag_ros_single_image_detector.so)
Linked: (/home/duck5/duckietown/catkin_ws/devel/.private/apriltag_ros/lib/libapriltag_ros_common.so, /home/duck5/duckietown/catkin_ws/devel/lib/libapriltag_ros_common.so)
Linked: (/home/duck5/duckietown/catkin_ws/devel/.private/apriltag_ros/lib/apriltag_ros/apriltag_ros_continuous_node, /home/duck5/duckietown/catkin_ws/devel/lib/apriltag_ros/apriltag_ros_continuous_node)
Linked: (/home/duck5/duckietown/catkin_ws/devel/.private/apriltag_ros/lib/apriltag_ros/apriltag_ros_single_image_server_node, /home/duck5/duckietown/catkin_ws/devel/lib/apriltag_ros/apriltag_ros_single_image_server_node)
Linked: (/home/duck5/duckietown/catkin_ws/devel/.private/apriltag_ros/lib/apriltag_ros/apriltag_ros_single_image_client_node, /home/duck5/duckietown/catkin_ws/devel/lib/apriltag_ros/apriltag_ros_single_image_client_node)
Linked: (/home/duck5/duckietown/catkin_ws/devel/.private/apriltag_ros/lib/python2.7/dist-packages/apriltag_ros/__init__.py, /home/duck5/duckietown/catkin_ws/devel/lib/python2.7/dist-packages/apriltag_ros/__init__.py)
Linked: (/home/duck5/duckietown/catkin_ws/devel/.private/apriltag_ros/lib/python2.7/dist-packages/apriltag_ros/msg/_AprilTagDetection.py, /home/duck5/duckietown/catkin_ws/devel/lib/python2.7/dist-packages/apriltag_ros/msg/_AprilTagDetection.py)
Linked: (/home/duck5/duckietown/catkin_ws/devel/.private/apriltag_ros/lib/python2.7/dist-packages/apriltag_ros/msg/_AprilTagDetectionArray.py, /home/duck5/duckietown/catkin_ws/devel/lib/python2.7/dist-packages/apriltag_ros/msg/_AprilTagDetectionArray.py)
Linked: (/home/duck5/duckietown/catkin_ws/devel/.private/apriltag_ros/lib/python2.7/dist-packages/apriltag_ros/msg/__init__.py, /home/duck5/duckietown/catkin_ws/devel/lib/python2.7/dist-packages/apriltag_ros/msg/__init__.py)
Linked: (/home/duck5/duckietown/catkin_ws/devel/.private/apriltag_ros/lib/python2.7/dist-packages/apriltag_ros/srv/_AnalyzeSingleImage.py, /home/duck5/duckietown/catkin_ws/devel/lib/python2.7/dist-packages/apriltag_ros/srv/_AnalyzeSingleImage.py)
Linked: (/home/duck5/duckietown/catkin_ws/devel/.private/apriltag_ros/lib/python2.7/dist-packages/apriltag_ros/srv/__init__.py, /home/duck5/duckietown/catkin_ws/devel/lib/python2.7/dist-packages/apriltag_ros/srv/__init__.py)
Linked: (/home/duck5/duckietown/catkin_ws/devel/.private/apriltag_ros/lib/pkgconfig/apriltag_ros.pc, /home/duck5/duckietown/catkin_ws/devel/lib/pkgconfig/apriltag_ros.pc)
Linked: (/home/duck5/duckietown/catkin_ws/devel/.private/apriltag_ros/include/apriltag_ros/AnalyzeSingleImageResponse.h, /home/duck5/duckietown/catkin_ws/devel/include/apriltag_ros/AnalyzeSingleImageResponse.h)
Linked: (/home/duck5/duckietown/catkin_ws/devel/.private/apriltag_ros/include/apriltag_ros/AprilTagDetection.h, /home/duck5/duckietown/catkin_ws/devel/include/apriltag_ros/AprilTagDetection.h)
Linked: (/home/duck5/duckietown/catkin_ws/devel/.private/apriltag_ros/include/apriltag_ros/AnalyzeSingleImage.h, /home/duck5/duckietown/catkin_ws/devel/include/apriltag_ros/AnalyzeSingleImage.h)
Linked: (/home/duck5/duckietown/catkin_ws/devel/.private/apriltag_ros/include/apriltag_ros/AprilTagDetectionArray.h, /home/duck5/duckietown/catkin_ws/devel/include/apriltag_ros/AprilTagDetectionArray.h)
Linked: (/home/duck5/duckietown/catkin_ws/devel/.private/apriltag_ros/include/apriltag_ros/AnalyzeSingleImageRequest.h, /home/duck5/duckietown/catkin_ws/devel/include/apriltag_ros/AnalyzeSingleImageRequest.h)
