[  0%] Built target std_msgs_generate_messages_cpp
[  0%] Built target _apriltag_ros_generate_messages_check_deps_AprilTagDetectionArray
[  0%] Built target _apriltag_ros_generate_messages_check_deps_AprilTagDetection
[  0%] Built target _apriltag_ros_generate_messages_check_deps_AnalyzeSingleImage
[  0%] Built target sensor_msgs_generate_messages_cpp
[  0%] Built target geometry_msgs_generate_messages_cpp
[  0%] Built target sensor_msgs_generate_messages_py
[  0%] Built target geometry_msgs_generate_messages_py
[  0%] Built target std_msgs_generate_messages_py
[ 15%] Built target apriltag_ros_generate_messages_cpp
[ 40%] Built target apriltag_ros_generate_messages_py
[ 40%] Built target apriltag_ros_generate_messages
[ 50%] Built target apriltag_ros_common
[ 60%] Built target apriltag_ros_single_image_client_node
[ 65%] [32mBuilding CXX object CMakeFiles/apriltag_ros_continuous_detector.dir/src/continuous_detector.cpp.o[0m
[ 75%] Built target apriltag_ros_single_image_detector
[35m[1mScanning dependencies of target apriltag_ros_single_image_server_node[0m
[ 80%] [32mBuilding CXX object CMakeFiles/apriltag_ros_single_image_server_node.dir/src/apriltag_ros_single_image_server_node.cpp.o[0m
[ 85%] [32m[1mLinking CXX executable /home/duck5/duckietown/catkin_ws/devel/.private/apriltag_ros/lib/apriltag_ros/apriltag_ros_single_image_server_node[0m
[ 85%] Built target apriltag_ros_single_image_server_node
[ 90%] [32m[1mLinking CXX shared library /home/duck5/duckietown/catkin_ws/devel/.private/apriltag_ros/lib/libapriltag_ros_continuous_detector.so[0m
[ 90%] Built target apriltag_ros_continuous_detector
[35m[1mScanning dependencies of target apriltag_ros_continuous_node[0m
[ 95%] [32mBuilding CXX object CMakeFiles/apriltag_ros_continuous_node.dir/src/apriltag_ros_continuous_node.cpp.o[0m
[100%] [32m[1mLinking CXX executable /home/duck5/duckietown/catkin_ws/devel/.private/apriltag_ros/lib/apriltag_ros/apriltag_ros_continuous_node[0m
[100%] Built target apriltag_ros_continuous_node
