Symlinking /home/duck5/duckietown/catkin_ws/devel/share/duckietown_msgs/cmake/duckietown_msgs-msg-extras.cmake
Symlinking /home/duck5/duckietown/catkin_ws/devel/share/duckietown_msgs/cmake/duckietown_msgs-msg-paths.cmake
Symlinking /home/duck5/duckietown/catkin_ws/devel/share/duckietown_msgs/cmake/duckietown_msgsConfig.cmake
Symlinking /home/duck5/duckietown/catkin_ws/devel/share/duckietown_msgs/cmake/duckietown_msgsConfig-version.cmake
Symlinking /home/duck5/duckietown/catkin_ws/devel/lib/python2.7/dist-packages/duckietown_msgs/__init__.py
Symlinking /home/duck5/duckietown/catkin_ws/devel/lib/python2.7/dist-packages/duckietown_msgs/msg/_AntiInstagramTransform.py
Symlinking /home/duck5/duckietown/catkin_ws/devel/lib/python2.7/dist-packages/duckietown_msgs/msg/_ThetaDotSample.py
Symlinking /home/duck5/duckietown/catkin_ws/devel/lib/python2.7/dist-packages/duckietown_msgs/msg/_ObstacleProjectedDetectionList.py
Symlinking /home/duck5/duckietown/catkin_ws/devel/lib/python2.7/dist-packages/duckietown_msgs/msg/_AprilTagsWithInfos.py
Symlinking /home/duck5/duckietown/catkin_ws/devel/lib/python2.7/dist-packages/duckietown_msgs/msg/_SegmentList.py
Symlinking /home/duck5/duckietown/catkin_ws/devel/lib/python2.7/dist-packages/duckietown_msgs/msg/_CoordinationClearance.py
Symlinking /home/duck5/duckietown/catkin_ws/devel/lib/python2.7/dist-packages/duckietown_msgs/msg/_SourceTargetNodes.py
Symlinking /home/duck5/duckietown/catkin_ws/devel/lib/python2.7/dist-packages/duckietown_msgs/msg/_FSMState.py
Symlinking /home/duck5/duckietown/catkin_ws/devel/lib/python2.7/dist-packages/duckietown_msgs/msg/_ObstacleType.py
Symlinking /home/duck5/duckietown/catkin_ws/devel/lib/python2.7/dist-packages/duckietown_msgs/msg/_WheelsCmdStamped.py
Symlinking /home/duck5/duckietown/catkin_ws/devel/lib/python2.7/dist-packages/duckietown_msgs/msg/_VehicleCorners.py
Symlinking /home/duck5/duckietown/catkin_ws/devel/lib/python2.7/dist-packages/duckietown_msgs/msg/_TagInfo.py
Symlinking /home/duck5/duckietown/catkin_ws/devel/lib/python2.7/dist-packages/duckietown_msgs/msg/_AprilTagDetection.py
Symlinking /home/duck5/duckietown/catkin_ws/devel/lib/python2.7/dist-packages/duckietown_msgs/msg/_Pixel.py
Symlinking /home/duck5/duckietown/catkin_ws/devel/lib/python2.7/dist-packages/duckietown_msgs/msg/_LEDInterpreter.py
Symlinking /home/duck5/duckietown/catkin_ws/devel/lib/python2.7/dist-packages/duckietown_msgs/msg/_Trajectory.py
Symlinking /home/duck5/duckietown/catkin_ws/devel/lib/python2.7/dist-packages/duckietown_msgs/msg/_Pose2DStamped.py
Symlinking /home/duck5/duckietown/catkin_ws/devel/lib/python2.7/dist-packages/duckietown_msgs/msg/_DuckieSensor.py
Symlinking /home/duck5/duckietown/catkin_ws/devel/lib/python2.7/dist-packages/duckietown_msgs/msg/_KinematicsParameters.py
Symlinking /home/duck5/duckietown/catkin_ws/devel/lib/python2.7/dist-packages/duckietown_msgs/msg/_VehiclePose.py
Symlinking /home/duck5/duckietown/catkin_ws/devel/lib/python2.7/dist-packages/duckietown_msgs/msg/_Twist2DStamped.py
Symlinking /home/duck5/duckietown/catkin_ws/devel/lib/python2.7/dist-packages/duckietown_msgs/msg/_Rect.py
Symlinking /home/duck5/duckietown/catkin_ws/devel/lib/python2.7/dist-packages/duckietown_msgs/msg/_LEDDetection.py
Symlinking /home/duck5/duckietown/catkin_ws/devel/lib/python2.7/dist-packages/duckietown_msgs/msg/_AntiInstagramHealth.py
Symlinking /home/duck5/duckietown/catkin_ws/devel/lib/python2.7/dist-packages/duckietown_msgs/msg/_LEDDetectionDebugInfo.py
Symlinking /home/duck5/duckietown/catkin_ws/devel/lib/python2.7/dist-packages/duckietown_msgs/msg/_WheelsCmd.py
Symlinking /home/duck5/duckietown/catkin_ws/devel/lib/python2.7/dist-packages/duckietown_msgs/msg/_LEDDetectionArray.py
Symlinking /home/duck5/duckietown/catkin_ws/devel/lib/python2.7/dist-packages/duckietown_msgs/msg/_ObstacleImageDetection.py
Symlinking /home/duck5/duckietown/catkin_ws/devel/lib/python2.7/dist-packages/duckietown_msgs/msg/_Vsample.py
Symlinking /home/duck5/duckietown/catkin_ws/devel/lib/python2.7/dist-packages/duckietown_msgs/msg/_AntiInstagramTransform_CB.py
Symlinking /home/duck5/duckietown/catkin_ws/devel/lib/python2.7/dist-packages/duckietown_msgs/msg/_KinematicsWeights.py
Symlinking /home/duck5/duckietown/catkin_ws/devel/lib/python2.7/dist-packages/duckietown_msgs/msg/_Rects.py
Symlinking /home/duck5/duckietown/catkin_ws/devel/lib/python2.7/dist-packages/duckietown_msgs/msg/_ObstacleImageDetectionList.py
Symlinking /home/duck5/duckietown/catkin_ws/devel/lib/python2.7/dist-packages/duckietown_msgs/msg/_Vector2D.py
Symlinking /home/duck5/duckietown/catkin_ws/devel/lib/python2.7/dist-packages/duckietown_msgs/msg/_StopLineReading.py
Symlinking /home/duck5/duckietown/catkin_ws/devel/lib/python2.7/dist-packages/duckietown_msgs/msg/_CarControl.py
Symlinking /home/duck5/duckietown/catkin_ws/devel/lib/python2.7/dist-packages/duckietown_msgs/msg/_SceneSegments.py
Symlinking /home/duck5/duckietown/catkin_ws/devel/lib/python2.7/dist-packages/duckietown_msgs/msg/_AprilTagDetectionArray.py
Symlinking /home/duck5/duckietown/catkin_ws/devel/lib/python2.7/dist-packages/duckietown_msgs/msg/_CoordinationSignal.py
Symlinking /home/duck5/duckietown/catkin_ws/devel/lib/python2.7/dist-packages/duckietown_msgs/msg/_Segment.py
Symlinking /home/duck5/duckietown/catkin_ws/devel/lib/python2.7/dist-packages/duckietown_msgs/msg/__init__.py
Symlinking /home/duck5/duckietown/catkin_ws/devel/lib/python2.7/dist-packages/duckietown_msgs/msg/_BoolStamped.py
Symlinking /home/duck5/duckietown/catkin_ws/devel/lib/python2.7/dist-packages/duckietown_msgs/msg/_LanePose.py
Symlinking /home/duck5/duckietown/catkin_ws/devel/lib/python2.7/dist-packages/duckietown_msgs/msg/_ObstacleProjectedDetection.py
Symlinking /home/duck5/duckietown/catkin_ws/devel/lib/python2.7/dist-packages/duckietown_msgs/msg/_SignalsDetection.py
Symlinking /home/duck5/duckietown/catkin_ws/devel/lib/python2.7/dist-packages/duckietown_msgs/srv/_SetFSMState.py
Symlinking /home/duck5/duckietown/catkin_ws/devel/lib/python2.7/dist-packages/duckietown_msgs/srv/_SetValue.py
Symlinking /home/duck5/duckietown/catkin_ws/devel/lib/python2.7/dist-packages/duckietown_msgs/srv/__init__.py
Symlinking /home/duck5/duckietown/catkin_ws/devel/lib/pkgconfig/duckietown_msgs.pc
Symlinking /home/duck5/duckietown/catkin_ws/devel/include/duckietown_msgs/Rects.h
Symlinking /home/duck5/duckietown/catkin_ws/devel/include/duckietown_msgs/SegmentList.h
Symlinking /home/duck5/duckietown/catkin_ws/devel/include/duckietown_msgs/WheelsCmdStamped.h
Symlinking /home/duck5/duckietown/catkin_ws/devel/include/duckietown_msgs/SceneSegments.h
Symlinking /home/duck5/duckietown/catkin_ws/devel/include/duckietown_msgs/DuckieSensor.h
Symlinking /home/duck5/duckietown/catkin_ws/devel/include/duckietown_msgs/Trajectory.h
Symlinking /home/duck5/duckietown/catkin_ws/devel/include/duckietown_msgs/LEDDetection.h
Symlinking /home/duck5/duckietown/catkin_ws/devel/include/duckietown_msgs/ObstacleType.h
Symlinking /home/duck5/duckietown/catkin_ws/devel/include/duckietown_msgs/AntiInstagramHealth.h
Symlinking /home/duck5/duckietown/catkin_ws/devel/include/duckietown_msgs/SetValueRequest.h
Symlinking /home/duck5/duckietown/catkin_ws/devel/include/duckietown_msgs/ThetaDotSample.h
Symlinking /home/duck5/duckietown/catkin_ws/devel/include/duckietown_msgs/Segment.h
Symlinking /home/duck5/duckietown/catkin_ws/devel/include/duckietown_msgs/ObstacleProjectedDetection.h
Symlinking /home/duck5/duckietown/catkin_ws/devel/include/duckietown_msgs/SetFSMStateRequest.h
Symlinking /home/duck5/duckietown/catkin_ws/devel/include/duckietown_msgs/Rect.h
Symlinking /home/duck5/duckietown/catkin_ws/devel/include/duckietown_msgs/AprilTagDetection.h
Symlinking /home/duck5/duckietown/catkin_ws/devel/include/duckietown_msgs/ObstacleImageDetection.h
Symlinking /home/duck5/duckietown/catkin_ws/devel/include/duckietown_msgs/VehicleCorners.h
Symlinking /home/duck5/duckietown/catkin_ws/devel/include/duckietown_msgs/TagInfo.h
Symlinking /home/duck5/duckietown/catkin_ws/devel/include/duckietown_msgs/AprilTagDetectionArray.h
Symlinking /home/duck5/duckietown/catkin_ws/devel/include/duckietown_msgs/Vector2D.h
Symlinking /home/duck5/duckietown/catkin_ws/devel/include/duckietown_msgs/SetFSMState.h
Symlinking /home/duck5/duckietown/catkin_ws/devel/include/duckietown_msgs/SourceTargetNodes.h
Symlinking /home/duck5/duckietown/catkin_ws/devel/include/duckietown_msgs/LEDDetectionArray.h
Symlinking /home/duck5/duckietown/catkin_ws/devel/include/duckietown_msgs/Pose2DStamped.h
Symlinking /home/duck5/duckietown/catkin_ws/devel/include/duckietown_msgs/SignalsDetection.h
Symlinking /home/duck5/duckietown/catkin_ws/devel/include/duckietown_msgs/Pixel.h
Symlinking /home/duck5/duckietown/catkin_ws/devel/include/duckietown_msgs/Vsample.h
Symlinking /home/duck5/duckietown/catkin_ws/devel/include/duckietown_msgs/VehiclePose.h
Symlinking /home/duck5/duckietown/catkin_ws/devel/include/duckietown_msgs/KinematicsParameters.h
Symlinking /home/duck5/duckietown/catkin_ws/devel/include/duckietown_msgs/CoordinationSignal.h
Symlinking /home/duck5/duckietown/catkin_ws/devel/include/duckietown_msgs/SetFSMStateResponse.h
Symlinking /home/duck5/duckietown/catkin_ws/devel/include/duckietown_msgs/AprilTagsWithInfos.h
Symlinking /home/duck5/duckietown/catkin_ws/devel/include/duckietown_msgs/BoolStamped.h
Symlinking /home/duck5/duckietown/catkin_ws/devel/include/duckietown_msgs/LEDDetectionDebugInfo.h
Symlinking /home/duck5/duckietown/catkin_ws/devel/include/duckietown_msgs/AntiInstagramTransform.h
Symlinking /home/duck5/duckietown/catkin_ws/devel/include/duckietown_msgs/SetValueResponse.h
Symlinking /home/duck5/duckietown/catkin_ws/devel/include/duckietown_msgs/StopLineReading.h
Symlinking /home/duck5/duckietown/catkin_ws/devel/include/duckietown_msgs/CoordinationClearance.h
Symlinking /home/duck5/duckietown/catkin_ws/devel/include/duckietown_msgs/LanePose.h
Symlinking /home/duck5/duckietown/catkin_ws/devel/include/duckietown_msgs/FSMState.h
Symlinking /home/duck5/duckietown/catkin_ws/devel/include/duckietown_msgs/SetValue.h
Symlinking /home/duck5/duckietown/catkin_ws/devel/include/duckietown_msgs/ObstacleProjectedDetectionList.h
Symlinking /home/duck5/duckietown/catkin_ws/devel/include/duckietown_msgs/AntiInstagramTransform_CB.h
Symlinking /home/duck5/duckietown/catkin_ws/devel/include/duckietown_msgs/LEDInterpreter.h
Symlinking /home/duck5/duckietown/catkin_ws/devel/include/duckietown_msgs/KinematicsWeights.h
Symlinking /home/duck5/duckietown/catkin_ws/devel/include/duckietown_msgs/Twist2DStamped.h
Symlinking /home/duck5/duckietown/catkin_ws/devel/include/duckietown_msgs/WheelsCmd.h
Symlinking /home/duck5/duckietown/catkin_ws/devel/include/duckietown_msgs/ObstacleImageDetectionList.h
Symlinking /home/duck5/duckietown/catkin_ws/devel/include/duckietown_msgs/CarControl.h
