Linked: (/home/duck5/duckietown/catkin_ws/devel/.private/duckietown_msgs/share/duckietown_msgs/cmake/duckietown_msgs-msg-extras.cmake, /home/duck5/duckietown/catkin_ws/devel/share/duckietown_msgs/cmake/duckietown_msgs-msg-extras.cmake)
Linked: (/home/duck5/duckietown/catkin_ws/devel/.private/duckietown_msgs/share/duckietown_msgs/cmake/duckietown_msgs-msg-paths.cmake, /home/duck5/duckietown/catkin_ws/devel/share/duckietown_msgs/cmake/duckietown_msgs-msg-paths.cmake)
Linked: (/home/duck5/duckietown/catkin_ws/devel/.private/duckietown_msgs/share/duckietown_msgs/cmake/duckietown_msgsConfig.cmake, /home/duck5/duckietown/catkin_ws/devel/share/duckietown_msgs/cmake/duckietown_msgsConfig.cmake)
Linked: (/home/duck5/duckietown/catkin_ws/devel/.private/duckietown_msgs/share/duckietown_msgs/cmake/duckietown_msgsConfig-version.cmake, /home/duck5/duckietown/catkin_ws/devel/share/duckietown_msgs/cmake/duckietown_msgsConfig-version.cmake)
Linked: (/home/duck5/duckietown/catkin_ws/devel/.private/duckietown_msgs/lib/python2.7/dist-packages/duckietown_msgs/__init__.py, /home/duck5/duckietown/catkin_ws/devel/lib/python2.7/dist-packages/duckietown_msgs/__init__.py)
Linked: (/home/duck5/duckietown/catkin_ws/devel/.private/duckietown_msgs/lib/python2.7/dist-packages/duckietown_msgs/msg/_AntiInstagramTransform.py, /home/duck5/duckietown/catkin_ws/devel/lib/python2.7/dist-packages/duckietown_msgs/msg/_AntiInstagramTransform.py)
Linked: (/home/duck5/duckietown/catkin_ws/devel/.private/duckietown_msgs/lib/python2.7/dist-packages/duckietown_msgs/msg/_ThetaDotSample.py, /home/duck5/duckietown/catkin_ws/devel/lib/python2.7/dist-packages/duckietown_msgs/msg/_ThetaDotSample.py)
Linked: (/home/duck5/duckietown/catkin_ws/devel/.private/duckietown_msgs/lib/python2.7/dist-packages/duckietown_msgs/msg/_ObstacleProjectedDetectionList.py, /home/duck5/duckietown/catkin_ws/devel/lib/python2.7/dist-packages/duckietown_msgs/msg/_ObstacleProjectedDetectionList.py)
Linked: (/home/duck5/duckietown/catkin_ws/devel/.private/duckietown_msgs/lib/python2.7/dist-packages/duckietown_msgs/msg/_AprilTagsWithInfos.py, /home/duck5/duckietown/catkin_ws/devel/lib/python2.7/dist-packages/duckietown_msgs/msg/_AprilTagsWithInfos.py)
Linked: (/home/duck5/duckietown/catkin_ws/devel/.private/duckietown_msgs/lib/python2.7/dist-packages/duckietown_msgs/msg/_SegmentList.py, /home/duck5/duckietown/catkin_ws/devel/lib/python2.7/dist-packages/duckietown_msgs/msg/_SegmentList.py)
Linked: (/home/duck5/duckietown/catkin_ws/devel/.private/duckietown_msgs/lib/python2.7/dist-packages/duckietown_msgs/msg/_CoordinationClearance.py, /home/duck5/duckietown/catkin_ws/devel/lib/python2.7/dist-packages/duckietown_msgs/msg/_CoordinationClearance.py)
Linked: (/home/duck5/duckietown/catkin_ws/devel/.private/duckietown_msgs/lib/python2.7/dist-packages/duckietown_msgs/msg/_SourceTargetNodes.py, /home/duck5/duckietown/catkin_ws/devel/lib/python2.7/dist-packages/duckietown_msgs/msg/_SourceTargetNodes.py)
Linked: (/home/duck5/duckietown/catkin_ws/devel/.private/duckietown_msgs/lib/python2.7/dist-packages/duckietown_msgs/msg/_FSMState.py, /home/duck5/duckietown/catkin_ws/devel/lib/python2.7/dist-packages/duckietown_msgs/msg/_FSMState.py)
Linked: (/home/duck5/duckietown/catkin_ws/devel/.private/duckietown_msgs/lib/python2.7/dist-packages/duckietown_msgs/msg/_ObstacleType.py, /home/duck5/duckietown/catkin_ws/devel/lib/python2.7/dist-packages/duckietown_msgs/msg/_ObstacleType.py)
Linked: (/home/duck5/duckietown/catkin_ws/devel/.private/duckietown_msgs/lib/python2.7/dist-packages/duckietown_msgs/msg/_WheelsCmdStamped.py, /home/duck5/duckietown/catkin_ws/devel/lib/python2.7/dist-packages/duckietown_msgs/msg/_WheelsCmdStamped.py)
Linked: (/home/duck5/duckietown/catkin_ws/devel/.private/duckietown_msgs/lib/python2.7/dist-packages/duckietown_msgs/msg/_VehicleCorners.py, /home/duck5/duckietown/catkin_ws/devel/lib/python2.7/dist-packages/duckietown_msgs/msg/_VehicleCorners.py)
Linked: (/home/duck5/duckietown/catkin_ws/devel/.private/duckietown_msgs/lib/python2.7/dist-packages/duckietown_msgs/msg/_TagInfo.py, /home/duck5/duckietown/catkin_ws/devel/lib/python2.7/dist-packages/duckietown_msgs/msg/_TagInfo.py)
Linked: (/home/duck5/duckietown/catkin_ws/devel/.private/duckietown_msgs/lib/python2.7/dist-packages/duckietown_msgs/msg/_AprilTagDetection.py, /home/duck5/duckietown/catkin_ws/devel/lib/python2.7/dist-packages/duckietown_msgs/msg/_AprilTagDetection.py)
Linked: (/home/duck5/duckietown/catkin_ws/devel/.private/duckietown_msgs/lib/python2.7/dist-packages/duckietown_msgs/msg/_Pixel.py, /home/duck5/duckietown/catkin_ws/devel/lib/python2.7/dist-packages/duckietown_msgs/msg/_Pixel.py)
Linked: (/home/duck5/duckietown/catkin_ws/devel/.private/duckietown_msgs/lib/python2.7/dist-packages/duckietown_msgs/msg/_LEDInterpreter.py, /home/duck5/duckietown/catkin_ws/devel/lib/python2.7/dist-packages/duckietown_msgs/msg/_LEDInterpreter.py)
Linked: (/home/duck5/duckietown/catkin_ws/devel/.private/duckietown_msgs/lib/python2.7/dist-packages/duckietown_msgs/msg/_Trajectory.py, /home/duck5/duckietown/catkin_ws/devel/lib/python2.7/dist-packages/duckietown_msgs/msg/_Trajectory.py)
Linked: (/home/duck5/duckietown/catkin_ws/devel/.private/duckietown_msgs/lib/python2.7/dist-packages/duckietown_msgs/msg/_Pose2DStamped.py, /home/duck5/duckietown/catkin_ws/devel/lib/python2.7/dist-packages/duckietown_msgs/msg/_Pose2DStamped.py)
Linked: (/home/duck5/duckietown/catkin_ws/devel/.private/duckietown_msgs/lib/python2.7/dist-packages/duckietown_msgs/msg/_DuckieSensor.py, /home/duck5/duckietown/catkin_ws/devel/lib/python2.7/dist-packages/duckietown_msgs/msg/_DuckieSensor.py)
Linked: (/home/duck5/duckietown/catkin_ws/devel/.private/duckietown_msgs/lib/python2.7/dist-packages/duckietown_msgs/msg/_KinematicsParameters.py, /home/duck5/duckietown/catkin_ws/devel/lib/python2.7/dist-packages/duckietown_msgs/msg/_KinematicsParameters.py)
Linked: (/home/duck5/duckietown/catkin_ws/devel/.private/duckietown_msgs/lib/python2.7/dist-packages/duckietown_msgs/msg/_VehiclePose.py, /home/duck5/duckietown/catkin_ws/devel/lib/python2.7/dist-packages/duckietown_msgs/msg/_VehiclePose.py)
Linked: (/home/duck5/duckietown/catkin_ws/devel/.private/duckietown_msgs/lib/python2.7/dist-packages/duckietown_msgs/msg/_Twist2DStamped.py, /home/duck5/duckietown/catkin_ws/devel/lib/python2.7/dist-packages/duckietown_msgs/msg/_Twist2DStamped.py)
Linked: (/home/duck5/duckietown/catkin_ws/devel/.private/duckietown_msgs/lib/python2.7/dist-packages/duckietown_msgs/msg/_Rect.py, /home/duck5/duckietown/catkin_ws/devel/lib/python2.7/dist-packages/duckietown_msgs/msg/_Rect.py)
Linked: (/home/duck5/duckietown/catkin_ws/devel/.private/duckietown_msgs/lib/python2.7/dist-packages/duckietown_msgs/msg/_LEDDetection.py, /home/duck5/duckietown/catkin_ws/devel/lib/python2.7/dist-packages/duckietown_msgs/msg/_LEDDetection.py)
Linked: (/home/duck5/duckietown/catkin_ws/devel/.private/duckietown_msgs/lib/python2.7/dist-packages/duckietown_msgs/msg/_AntiInstagramHealth.py, /home/duck5/duckietown/catkin_ws/devel/lib/python2.7/dist-packages/duckietown_msgs/msg/_AntiInstagramHealth.py)
Linked: (/home/duck5/duckietown/catkin_ws/devel/.private/duckietown_msgs/lib/python2.7/dist-packages/duckietown_msgs/msg/_LEDDetectionDebugInfo.py, /home/duck5/duckietown/catkin_ws/devel/lib/python2.7/dist-packages/duckietown_msgs/msg/_LEDDetectionDebugInfo.py)
Linked: (/home/duck5/duckietown/catkin_ws/devel/.private/duckietown_msgs/lib/python2.7/dist-packages/duckietown_msgs/msg/_WheelsCmd.py, /home/duck5/duckietown/catkin_ws/devel/lib/python2.7/dist-packages/duckietown_msgs/msg/_WheelsCmd.py)
Linked: (/home/duck5/duckietown/catkin_ws/devel/.private/duckietown_msgs/lib/python2.7/dist-packages/duckietown_msgs/msg/_LEDDetectionArray.py, /home/duck5/duckietown/catkin_ws/devel/lib/python2.7/dist-packages/duckietown_msgs/msg/_LEDDetectionArray.py)
Linked: (/home/duck5/duckietown/catkin_ws/devel/.private/duckietown_msgs/lib/python2.7/dist-packages/duckietown_msgs/msg/_ObstacleImageDetection.py, /home/duck5/duckietown/catkin_ws/devel/lib/python2.7/dist-packages/duckietown_msgs/msg/_ObstacleImageDetection.py)
Linked: (/home/duck5/duckietown/catkin_ws/devel/.private/duckietown_msgs/lib/python2.7/dist-packages/duckietown_msgs/msg/_Vsample.py, /home/duck5/duckietown/catkin_ws/devel/lib/python2.7/dist-packages/duckietown_msgs/msg/_Vsample.py)
Linked: (/home/duck5/duckietown/catkin_ws/devel/.private/duckietown_msgs/lib/python2.7/dist-packages/duckietown_msgs/msg/_AntiInstagramTransform_CB.py, /home/duck5/duckietown/catkin_ws/devel/lib/python2.7/dist-packages/duckietown_msgs/msg/_AntiInstagramTransform_CB.py)
Linked: (/home/duck5/duckietown/catkin_ws/devel/.private/duckietown_msgs/lib/python2.7/dist-packages/duckietown_msgs/msg/_KinematicsWeights.py, /home/duck5/duckietown/catkin_ws/devel/lib/python2.7/dist-packages/duckietown_msgs/msg/_KinematicsWeights.py)
Linked: (/home/duck5/duckietown/catkin_ws/devel/.private/duckietown_msgs/lib/python2.7/dist-packages/duckietown_msgs/msg/_Rects.py, /home/duck5/duckietown/catkin_ws/devel/lib/python2.7/dist-packages/duckietown_msgs/msg/_Rects.py)
Linked: (/home/duck5/duckietown/catkin_ws/devel/.private/duckietown_msgs/lib/python2.7/dist-packages/duckietown_msgs/msg/_ObstacleImageDetectionList.py, /home/duck5/duckietown/catkin_ws/devel/lib/python2.7/dist-packages/duckietown_msgs/msg/_ObstacleImageDetectionList.py)
Linked: (/home/duck5/duckietown/catkin_ws/devel/.private/duckietown_msgs/lib/python2.7/dist-packages/duckietown_msgs/msg/_Vector2D.py, /home/duck5/duckietown/catkin_ws/devel/lib/python2.7/dist-packages/duckietown_msgs/msg/_Vector2D.py)
Linked: (/home/duck5/duckietown/catkin_ws/devel/.private/duckietown_msgs/lib/python2.7/dist-packages/duckietown_msgs/msg/_StopLineReading.py, /home/duck5/duckietown/catkin_ws/devel/lib/python2.7/dist-packages/duckietown_msgs/msg/_StopLineReading.py)
Linked: (/home/duck5/duckietown/catkin_ws/devel/.private/duckietown_msgs/lib/python2.7/dist-packages/duckietown_msgs/msg/_CarControl.py, /home/duck5/duckietown/catkin_ws/devel/lib/python2.7/dist-packages/duckietown_msgs/msg/_CarControl.py)
Linked: (/home/duck5/duckietown/catkin_ws/devel/.private/duckietown_msgs/lib/python2.7/dist-packages/duckietown_msgs/msg/_SceneSegments.py, /home/duck5/duckietown/catkin_ws/devel/lib/python2.7/dist-packages/duckietown_msgs/msg/_SceneSegments.py)
Linked: (/home/duck5/duckietown/catkin_ws/devel/.private/duckietown_msgs/lib/python2.7/dist-packages/duckietown_msgs/msg/_AprilTagDetectionArray.py, /home/duck5/duckietown/catkin_ws/devel/lib/python2.7/dist-packages/duckietown_msgs/msg/_AprilTagDetectionArray.py)
Linked: (/home/duck5/duckietown/catkin_ws/devel/.private/duckietown_msgs/lib/python2.7/dist-packages/duckietown_msgs/msg/_CoordinationSignal.py, /home/duck5/duckietown/catkin_ws/devel/lib/python2.7/dist-packages/duckietown_msgs/msg/_CoordinationSignal.py)
Linked: (/home/duck5/duckietown/catkin_ws/devel/.private/duckietown_msgs/lib/python2.7/dist-packages/duckietown_msgs/msg/_Segment.py, /home/duck5/duckietown/catkin_ws/devel/lib/python2.7/dist-packages/duckietown_msgs/msg/_Segment.py)
Linked: (/home/duck5/duckietown/catkin_ws/devel/.private/duckietown_msgs/lib/python2.7/dist-packages/duckietown_msgs/msg/__init__.py, /home/duck5/duckietown/catkin_ws/devel/lib/python2.7/dist-packages/duckietown_msgs/msg/__init__.py)
Linked: (/home/duck5/duckietown/catkin_ws/devel/.private/duckietown_msgs/lib/python2.7/dist-packages/duckietown_msgs/msg/_BoolStamped.py, /home/duck5/duckietown/catkin_ws/devel/lib/python2.7/dist-packages/duckietown_msgs/msg/_BoolStamped.py)
Linked: (/home/duck5/duckietown/catkin_ws/devel/.private/duckietown_msgs/lib/python2.7/dist-packages/duckietown_msgs/msg/_LanePose.py, /home/duck5/duckietown/catkin_ws/devel/lib/python2.7/dist-packages/duckietown_msgs/msg/_LanePose.py)
Linked: (/home/duck5/duckietown/catkin_ws/devel/.private/duckietown_msgs/lib/python2.7/dist-packages/duckietown_msgs/msg/_ObstacleProjectedDetection.py, /home/duck5/duckietown/catkin_ws/devel/lib/python2.7/dist-packages/duckietown_msgs/msg/_ObstacleProjectedDetection.py)
Linked: (/home/duck5/duckietown/catkin_ws/devel/.private/duckietown_msgs/lib/python2.7/dist-packages/duckietown_msgs/msg/_SignalsDetection.py, /home/duck5/duckietown/catkin_ws/devel/lib/python2.7/dist-packages/duckietown_msgs/msg/_SignalsDetection.py)
Linked: (/home/duck5/duckietown/catkin_ws/devel/.private/duckietown_msgs/lib/python2.7/dist-packages/duckietown_msgs/srv/_SetFSMState.py, /home/duck5/duckietown/catkin_ws/devel/lib/python2.7/dist-packages/duckietown_msgs/srv/_SetFSMState.py)
Linked: (/home/duck5/duckietown/catkin_ws/devel/.private/duckietown_msgs/lib/python2.7/dist-packages/duckietown_msgs/srv/_SetValue.py, /home/duck5/duckietown/catkin_ws/devel/lib/python2.7/dist-packages/duckietown_msgs/srv/_SetValue.py)
Linked: (/home/duck5/duckietown/catkin_ws/devel/.private/duckietown_msgs/lib/python2.7/dist-packages/duckietown_msgs/srv/__init__.py, /home/duck5/duckietown/catkin_ws/devel/lib/python2.7/dist-packages/duckietown_msgs/srv/__init__.py)
Linked: (/home/duck5/duckietown/catkin_ws/devel/.private/duckietown_msgs/lib/pkgconfig/duckietown_msgs.pc, /home/duck5/duckietown/catkin_ws/devel/lib/pkgconfig/duckietown_msgs.pc)
Linked: (/home/duck5/duckietown/catkin_ws/devel/.private/duckietown_msgs/include/duckietown_msgs/Rects.h, /home/duck5/duckietown/catkin_ws/devel/include/duckietown_msgs/Rects.h)
Linked: (/home/duck5/duckietown/catkin_ws/devel/.private/duckietown_msgs/include/duckietown_msgs/SegmentList.h, /home/duck5/duckietown/catkin_ws/devel/include/duckietown_msgs/SegmentList.h)
Linked: (/home/duck5/duckietown/catkin_ws/devel/.private/duckietown_msgs/include/duckietown_msgs/WheelsCmdStamped.h, /home/duck5/duckietown/catkin_ws/devel/include/duckietown_msgs/WheelsCmdStamped.h)
Linked: (/home/duck5/duckietown/catkin_ws/devel/.private/duckietown_msgs/include/duckietown_msgs/SceneSegments.h, /home/duck5/duckietown/catkin_ws/devel/include/duckietown_msgs/SceneSegments.h)
Linked: (/home/duck5/duckietown/catkin_ws/devel/.private/duckietown_msgs/include/duckietown_msgs/DuckieSensor.h, /home/duck5/duckietown/catkin_ws/devel/include/duckietown_msgs/DuckieSensor.h)
Linked: (/home/duck5/duckietown/catkin_ws/devel/.private/duckietown_msgs/include/duckietown_msgs/Trajectory.h, /home/duck5/duckietown/catkin_ws/devel/include/duckietown_msgs/Trajectory.h)
Linked: (/home/duck5/duckietown/catkin_ws/devel/.private/duckietown_msgs/include/duckietown_msgs/LEDDetection.h, /home/duck5/duckietown/catkin_ws/devel/include/duckietown_msgs/LEDDetection.h)
Linked: (/home/duck5/duckietown/catkin_ws/devel/.private/duckietown_msgs/include/duckietown_msgs/ObstacleType.h, /home/duck5/duckietown/catkin_ws/devel/include/duckietown_msgs/ObstacleType.h)
Linked: (/home/duck5/duckietown/catkin_ws/devel/.private/duckietown_msgs/include/duckietown_msgs/AntiInstagramHealth.h, /home/duck5/duckietown/catkin_ws/devel/include/duckietown_msgs/AntiInstagramHealth.h)
Linked: (/home/duck5/duckietown/catkin_ws/devel/.private/duckietown_msgs/include/duckietown_msgs/SetValueRequest.h, /home/duck5/duckietown/catkin_ws/devel/include/duckietown_msgs/SetValueRequest.h)
Linked: (/home/duck5/duckietown/catkin_ws/devel/.private/duckietown_msgs/include/duckietown_msgs/ThetaDotSample.h, /home/duck5/duckietown/catkin_ws/devel/include/duckietown_msgs/ThetaDotSample.h)
Linked: (/home/duck5/duckietown/catkin_ws/devel/.private/duckietown_msgs/include/duckietown_msgs/Segment.h, /home/duck5/duckietown/catkin_ws/devel/include/duckietown_msgs/Segment.h)
Linked: (/home/duck5/duckietown/catkin_ws/devel/.private/duckietown_msgs/include/duckietown_msgs/ObstacleProjectedDetection.h, /home/duck5/duckietown/catkin_ws/devel/include/duckietown_msgs/ObstacleProjectedDetection.h)
Linked: (/home/duck5/duckietown/catkin_ws/devel/.private/duckietown_msgs/include/duckietown_msgs/SetFSMStateRequest.h, /home/duck5/duckietown/catkin_ws/devel/include/duckietown_msgs/SetFSMStateRequest.h)
Linked: (/home/duck5/duckietown/catkin_ws/devel/.private/duckietown_msgs/include/duckietown_msgs/Rect.h, /home/duck5/duckietown/catkin_ws/devel/include/duckietown_msgs/Rect.h)
Linked: (/home/duck5/duckietown/catkin_ws/devel/.private/duckietown_msgs/include/duckietown_msgs/AprilTagDetection.h, /home/duck5/duckietown/catkin_ws/devel/include/duckietown_msgs/AprilTagDetection.h)
Linked: (/home/duck5/duckietown/catkin_ws/devel/.private/duckietown_msgs/include/duckietown_msgs/ObstacleImageDetection.h, /home/duck5/duckietown/catkin_ws/devel/include/duckietown_msgs/ObstacleImageDetection.h)
Linked: (/home/duck5/duckietown/catkin_ws/devel/.private/duckietown_msgs/include/duckietown_msgs/VehicleCorners.h, /home/duck5/duckietown/catkin_ws/devel/include/duckietown_msgs/VehicleCorners.h)
Linked: (/home/duck5/duckietown/catkin_ws/devel/.private/duckietown_msgs/include/duckietown_msgs/TagInfo.h, /home/duck5/duckietown/catkin_ws/devel/include/duckietown_msgs/TagInfo.h)
Linked: (/home/duck5/duckietown/catkin_ws/devel/.private/duckietown_msgs/include/duckietown_msgs/AprilTagDetectionArray.h, /home/duck5/duckietown/catkin_ws/devel/include/duckietown_msgs/AprilTagDetectionArray.h)
Linked: (/home/duck5/duckietown/catkin_ws/devel/.private/duckietown_msgs/include/duckietown_msgs/Vector2D.h, /home/duck5/duckietown/catkin_ws/devel/include/duckietown_msgs/Vector2D.h)
Linked: (/home/duck5/duckietown/catkin_ws/devel/.private/duckietown_msgs/include/duckietown_msgs/SetFSMState.h, /home/duck5/duckietown/catkin_ws/devel/include/duckietown_msgs/SetFSMState.h)
Linked: (/home/duck5/duckietown/catkin_ws/devel/.private/duckietown_msgs/include/duckietown_msgs/SourceTargetNodes.h, /home/duck5/duckietown/catkin_ws/devel/include/duckietown_msgs/SourceTargetNodes.h)
Linked: (/home/duck5/duckietown/catkin_ws/devel/.private/duckietown_msgs/include/duckietown_msgs/LEDDetectionArray.h, /home/duck5/duckietown/catkin_ws/devel/include/duckietown_msgs/LEDDetectionArray.h)
Linked: (/home/duck5/duckietown/catkin_ws/devel/.private/duckietown_msgs/include/duckietown_msgs/Pose2DStamped.h, /home/duck5/duckietown/catkin_ws/devel/include/duckietown_msgs/Pose2DStamped.h)
Linked: (/home/duck5/duckietown/catkin_ws/devel/.private/duckietown_msgs/include/duckietown_msgs/SignalsDetection.h, /home/duck5/duckietown/catkin_ws/devel/include/duckietown_msgs/SignalsDetection.h)
Linked: (/home/duck5/duckietown/catkin_ws/devel/.private/duckietown_msgs/include/duckietown_msgs/Pixel.h, /home/duck5/duckietown/catkin_ws/devel/include/duckietown_msgs/Pixel.h)
Linked: (/home/duck5/duckietown/catkin_ws/devel/.private/duckietown_msgs/include/duckietown_msgs/Vsample.h, /home/duck5/duckietown/catkin_ws/devel/include/duckietown_msgs/Vsample.h)
Linked: (/home/duck5/duckietown/catkin_ws/devel/.private/duckietown_msgs/include/duckietown_msgs/VehiclePose.h, /home/duck5/duckietown/catkin_ws/devel/include/duckietown_msgs/VehiclePose.h)
Linked: (/home/duck5/duckietown/catkin_ws/devel/.private/duckietown_msgs/include/duckietown_msgs/KinematicsParameters.h, /home/duck5/duckietown/catkin_ws/devel/include/duckietown_msgs/KinematicsParameters.h)
Linked: (/home/duck5/duckietown/catkin_ws/devel/.private/duckietown_msgs/include/duckietown_msgs/CoordinationSignal.h, /home/duck5/duckietown/catkin_ws/devel/include/duckietown_msgs/CoordinationSignal.h)
Linked: (/home/duck5/duckietown/catkin_ws/devel/.private/duckietown_msgs/include/duckietown_msgs/SetFSMStateResponse.h, /home/duck5/duckietown/catkin_ws/devel/include/duckietown_msgs/SetFSMStateResponse.h)
Linked: (/home/duck5/duckietown/catkin_ws/devel/.private/duckietown_msgs/include/duckietown_msgs/AprilTagsWithInfos.h, /home/duck5/duckietown/catkin_ws/devel/include/duckietown_msgs/AprilTagsWithInfos.h)
Linked: (/home/duck5/duckietown/catkin_ws/devel/.private/duckietown_msgs/include/duckietown_msgs/BoolStamped.h, /home/duck5/duckietown/catkin_ws/devel/include/duckietown_msgs/BoolStamped.h)
Linked: (/home/duck5/duckietown/catkin_ws/devel/.private/duckietown_msgs/include/duckietown_msgs/LEDDetectionDebugInfo.h, /home/duck5/duckietown/catkin_ws/devel/include/duckietown_msgs/LEDDetectionDebugInfo.h)
Linked: (/home/duck5/duckietown/catkin_ws/devel/.private/duckietown_msgs/include/duckietown_msgs/AntiInstagramTransform.h, /home/duck5/duckietown/catkin_ws/devel/include/duckietown_msgs/AntiInstagramTransform.h)
Linked: (/home/duck5/duckietown/catkin_ws/devel/.private/duckietown_msgs/include/duckietown_msgs/SetValueResponse.h, /home/duck5/duckietown/catkin_ws/devel/include/duckietown_msgs/SetValueResponse.h)
Linked: (/home/duck5/duckietown/catkin_ws/devel/.private/duckietown_msgs/include/duckietown_msgs/StopLineReading.h, /home/duck5/duckietown/catkin_ws/devel/include/duckietown_msgs/StopLineReading.h)
Linked: (/home/duck5/duckietown/catkin_ws/devel/.private/duckietown_msgs/include/duckietown_msgs/CoordinationClearance.h, /home/duck5/duckietown/catkin_ws/devel/include/duckietown_msgs/CoordinationClearance.h)
Linked: (/home/duck5/duckietown/catkin_ws/devel/.private/duckietown_msgs/include/duckietown_msgs/LanePose.h, /home/duck5/duckietown/catkin_ws/devel/include/duckietown_msgs/LanePose.h)
Linked: (/home/duck5/duckietown/catkin_ws/devel/.private/duckietown_msgs/include/duckietown_msgs/FSMState.h, /home/duck5/duckietown/catkin_ws/devel/include/duckietown_msgs/FSMState.h)
Linked: (/home/duck5/duckietown/catkin_ws/devel/.private/duckietown_msgs/include/duckietown_msgs/SetValue.h, /home/duck5/duckietown/catkin_ws/devel/include/duckietown_msgs/SetValue.h)
Linked: (/home/duck5/duckietown/catkin_ws/devel/.private/duckietown_msgs/include/duckietown_msgs/ObstacleProjectedDetectionList.h, /home/duck5/duckietown/catkin_ws/devel/include/duckietown_msgs/ObstacleProjectedDetectionList.h)
Linked: (/home/duck5/duckietown/catkin_ws/devel/.private/duckietown_msgs/include/duckietown_msgs/AntiInstagramTransform_CB.h, /home/duck5/duckietown/catkin_ws/devel/include/duckietown_msgs/AntiInstagramTransform_CB.h)
Linked: (/home/duck5/duckietown/catkin_ws/devel/.private/duckietown_msgs/include/duckietown_msgs/LEDInterpreter.h, /home/duck5/duckietown/catkin_ws/devel/include/duckietown_msgs/LEDInterpreter.h)
Linked: (/home/duck5/duckietown/catkin_ws/devel/.private/duckietown_msgs/include/duckietown_msgs/KinematicsWeights.h, /home/duck5/duckietown/catkin_ws/devel/include/duckietown_msgs/KinematicsWeights.h)
Linked: (/home/duck5/duckietown/catkin_ws/devel/.private/duckietown_msgs/include/duckietown_msgs/Twist2DStamped.h, /home/duck5/duckietown/catkin_ws/devel/include/duckietown_msgs/Twist2DStamped.h)
Linked: (/home/duck5/duckietown/catkin_ws/devel/.private/duckietown_msgs/include/duckietown_msgs/WheelsCmd.h, /home/duck5/duckietown/catkin_ws/devel/include/duckietown_msgs/WheelsCmd.h)
Linked: (/home/duck5/duckietown/catkin_ws/devel/.private/duckietown_msgs/include/duckietown_msgs/ObstacleImageDetectionList.h, /home/duck5/duckietown/catkin_ws/devel/include/duckietown_msgs/ObstacleImageDetectionList.h)
Linked: (/home/duck5/duckietown/catkin_ws/devel/.private/duckietown_msgs/include/duckietown_msgs/CarControl.h, /home/duck5/duckietown/catkin_ws/devel/include/duckietown_msgs/CarControl.h)
